{"D:\\xampp\\htdocs\\peludets\\tests\\Jest\\metodos\\formulaSitiosInteres.js": {"path":"D:\\xampp\\htdocs\\peludets\\tests\\Jest\\metodos\\formulaSitiosInteres.js","statementMap":{"0":{"start":{"line":3,"column":15},"end":{"line":3,"column":31}},"1":{"start":{"line":4,"column":15},"end":{"line":4,"column":31}},"2":{"start":{"line":5,"column":15},"end":{"line":5,"column":33}},"3":{"start":{"line":6,"column":15},"end":{"line":6,"column":33}},"4":{"start":{"line":7,"column":12},"end":{"line":7,"column":16}},"5":{"start":{"line":9,"column":13},"end":{"line":9,"column":24}},"6":{"start":{"line":10,"column":15},"end":{"line":10,"column":35}},"7":{"start":{"line":11,"column":13},"end":{"line":11,"column":24}},"8":{"start":{"line":12,"column":15},"end":{"line":12,"column":35}},"9":{"start":{"line":14,"column":8},"end":{"line":18,"column":30}},"10":{"start":{"line":19,"column":12},"end":{"line":19,"column":58}},"11":{"start":{"line":20,"column":12},"end":{"line":20,"column":17}},"12":{"start":{"line":21,"column":4},"end":{"line":21,"column":13}},"13":{"start":{"line":24,"column":0},"end":{"line":24,"column":31}}},"fnMap":{"0":{"name":"calcDistancia","decl":{"start":{"line":1,"column":9},"end":{"line":1,"column":22}},"loc":{"start":{"line":1,"column":54},"end":{"line":22,"column":1}},"line":1}},"branchMap":{},"s":{"0":1,"1":1,"2":1,"3":1,"4":1,"5":1,"6":1,"7":1,"8":1,"9":1,"10":1,"11":1,"12":1,"13":1},"f":{"0":1},"b":{},"_coverageSchema":"1a1c01bbd47fc00a2c39e90264f33305004495a9","hash":"c812cc4e814fce0854cd7546b5c111b3ec282e35"}
,"D:\\xampp\\htdocs\\peludets\\tests\\Jest\\metodos\\homeBuscarTrabajos.js": {"path":"D:\\xampp\\htdocs\\peludets\\tests\\Jest\\metodos\\homeBuscarTrabajos.js","statementMap":{"0":{"start":{"line":1,"column":0},"end":{"line":1,"column":17}},"1":{"start":{"line":2,"column":0},"end":{"line":2,"column":15}},"2":{"start":{"line":3,"column":0},"end":{"line":3,"column":12}},"3":{"start":{"line":6,"column":15},"end":{"line":6,"column":29}},"4":{"start":{"line":7,"column":4},"end":{"line":7,"column":61}},"5":{"start":{"line":9,"column":0},"end":{"line":9,"column":32}}},"fnMap":{"0":{"name":"buscarTrabajos","decl":{"start":{"line":5,"column":9},"end":{"line":5,"column":23}},"loc":{"start":{"line":5,"column":26},"end":{"line":8,"column":1}},"line":5}},"branchMap":{},"s":{"0":1,"1":1,"2":1,"3":1,"4":1,"5":1},"f":{"0":1},"b":{},"_coverageSchema":"1a1c01bbd47fc00a2c39e90264f33305004495a9","hash":"3bbf370adff74c68dcc6f72367116f2af87c990b"}
,"D:\\xampp\\htdocs\\peludets\\tests\\Jest\\metodos\\perfilDeleteMascota.js": {"path":"D:\\xampp\\htdocs\\peludets\\tests\\Jest\\metodos\\perfilDeleteMascota.js","statementMap":{"0":{"start":{"line":1,"column":0},"end":{"line":1,"column":9}},"1":{"start":{"line":2,"column":0},"end":{"line":2,"column":27}},"2":{"start":{"line":5,"column":4},"end":{"line":5,"column":20}},"3":{"start":{"line":7,"column":4},"end":{"line":11,"column":5}},"4":{"start":{"line":8,"column":8},"end":{"line":8,"column":27}},"5":{"start":{"line":10,"column":8},"end":{"line":10,"column":27}},"6":{"start":{"line":13,"column":0},"end":{"line":13,"column":31}}},"fnMap":{"0":{"name":"deleteMascota","decl":{"start":{"line":4,"column":9},"end":{"line":4,"column":22}},"loc":{"start":{"line":4,"column":27},"end":{"line":12,"column":1}},"line":4}},"branchMap":{"0":{"loc":{"start":{"line":7,"column":4},"end":{"line":11,"column":5}},"type":"if","locations":[{"start":{"line":7,"column":4},"end":{"line":11,"column":5}},{"start":{"line":7,"column":4},"end":{"line":11,"column":5}}],"line":7}},"s":{"0":1,"1":1,"2":1,"3":1,"4":1,"5":0,"6":1},"f":{"0":1},"b":{"0":[1,0]},"_coverageSchema":"1a1c01bbd47fc00a2c39e90264f33305004495a9","hash":"f3d948a9293a588a190068533c41994e3d26e047"}
,"D:\\xampp\\htdocs\\peludets\\tests\\Jest\\metodos\\perfilRecuperarMascota.js": {"path":"D:\\xampp\\htdocs\\peludets\\tests\\Jest\\metodos\\perfilRecuperarMascota.js","statementMap":{"0":{"start":{"line":1,"column":0},"end":{"line":1,"column":32}},"1":{"start":{"line":2,"column":0},"end":{"line":2,"column":16}},"2":{"start":{"line":3,"column":0},"end":{"line":3,"column":14}},"3":{"start":{"line":6,"column":4},"end":{"line":10,"column":5}},"4":{"start":{"line":7,"column":8},"end":{"line":7,"column":38}},"5":{"start":{"line":8,"column":8},"end":{"line":8,"column":35}},"6":{"start":{"line":12,"column":0},"end":{"line":12,"column":34}}},"fnMap":{"0":{"name":"recuperarMascota","decl":{"start":{"line":5,"column":9},"end":{"line":5,"column":25}},"loc":{"start":{"line":5,"column":28},"end":{"line":11,"column":1}},"line":5}},"branchMap":{"0":{"loc":{"start":{"line":6,"column":4},"end":{"line":10,"column":5}},"type":"if","locations":[{"start":{"line":6,"column":4},"end":{"line":10,"column":5}},{"start":{"line":6,"column":4},"end":{"line":10,"column":5}}],"line":6}},"s":{"0":1,"1":1,"2":1,"3":1,"4":1,"5":1,"6":1},"f":{"0":1},"b":{"0":[1,0]},"_coverageSchema":"1a1c01bbd47fc00a2c39e90264f33305004495a9","hash":"e00177a734c241e66627e3c2c4521d3e168f16d2"}
,"D:\\xampp\\htdocs\\peludets\\tests\\Jest\\metodos\\profesionalesGeoFindMe.js": {"path":"D:\\xampp\\htdocs\\peludets\\tests\\Jest\\metodos\\profesionalesGeoFindMe.js","statementMap":{"0":{"start":{"line":2,"column":17},"end":{"line":2,"column":20}},"1":{"start":{"line":4,"column":4},"end":{"line":8,"column":5}},"2":{"start":{"line":5,"column":6},"end":{"line":6,"column":62}},"3":{"start":{"line":7,"column":6},"end":{"line":7,"column":13}},"4":{"start":{"line":12,"column":0},"end":{"line":12,"column":27}}},"fnMap":{"0":{"name":"geoFindMe","decl":{"start":{"line":1,"column":9},"end":{"line":1,"column":18}},"loc":{"start":{"line":1,"column":21},"end":{"line":10,"column":1}},"line":1}},"branchMap":{"0":{"loc":{"start":{"line":4,"column":4},"end":{"line":8,"column":5}},"type":"if","locations":[{"start":{"line":4,"column":4},"end":{"line":8,"column":5}},{"start":{"line":4,"column":4},"end":{"line":8,"column":5}}],"line":4}},"s":{"0":1,"1":1,"2":1,"3":1,"4":1},"f":{"0":1},"b":{"0":[1,0]},"_coverageSchema":"1a1c01bbd47fc00a2c39e90264f33305004495a9","hash":"d85449695abecc866de4ebacf4255ae734fed080"}
,"D:\\xampp\\htdocs\\peludets\\tests\\Jest\\metodos\\profesionalesSuccess.js": {"path":"D:\\xampp\\htdocs\\peludets\\tests\\Jest\\metodos\\profesionalesSuccess.js","statementMap":{"0":{"start":{"line":4,"column":19},"end":{"line":4,"column":21}},"1":{"start":{"line":5,"column":20},"end":{"line":5,"column":22}},"2":{"start":{"line":8,"column":6},"end":{"line":12,"column":14}},"3":{"start":{"line":14,"column":14},"end":{"line":14,"column":25}},"4":{"start":{"line":16,"column":6},"end":{"line":20,"column":43}},"5":{"start":{"line":23,"column":2},"end":{"line":23,"column":27}}},"fnMap":{"0":{"name":"success","decl":{"start":{"line":3,"column":9},"end":{"line":3,"column":16}},"loc":{"start":{"line":3,"column":19},"end":{"line":22,"column":3}},"line":3}},"branchMap":{},"s":{"0":1,"1":1,"2":1,"3":1,"4":1,"5":1},"f":{"0":1},"b":{},"_coverageSchema":"1a1c01bbd47fc00a2c39e90264f33305004495a9","hash":"47bf447af236d4dfd2397d1c6790f8f8c9585d11"}
,"D:\\xampp\\htdocs\\peludets\\tests\\Jest\\metodos\\profesionalesUserProfOnly.js": {"path":"D:\\xampp\\htdocs\\peludets\\tests\\Jest\\metodos\\profesionalesUserProfOnly.js","statementMap":{"0":{"start":{"line":1,"column":0},"end":{"line":1,"column":32}},"1":{"start":{"line":2,"column":0},"end":{"line":2,"column":28}},"2":{"start":{"line":3,"column":0},"end":{"line":3,"column":18}},"3":{"start":{"line":4,"column":0},"end":{"line":4,"column":12}},"4":{"start":{"line":9,"column":4},"end":{"line":17,"column":5}},"5":{"start":{"line":10,"column":8},"end":{"line":10,"column":29}},"6":{"start":{"line":11,"column":8},"end":{"line":11,"column":35}},"7":{"start":{"line":12,"column":8},"end":{"line":12,"column":31}},"8":{"start":{"line":15,"column":8},"end":{"line":15,"column":48}},"9":{"start":{"line":16,"column":8},"end":{"line":16,"column":26}},"10":{"start":{"line":20,"column":2},"end":{"line":20,"column":32}}},"fnMap":{"0":{"name":"userProfOnly","decl":{"start":{"line":7,"column":9},"end":{"line":7,"column":21}},"loc":{"start":{"line":7,"column":24},"end":{"line":19,"column":3}},"line":7}},"branchMap":{"0":{"loc":{"start":{"line":9,"column":4},"end":{"line":17,"column":5}},"type":"if","locations":[{"start":{"line":9,"column":4},"end":{"line":17,"column":5}},{"start":{"line":9,"column":4},"end":{"line":17,"column":5}}],"line":9}},"s":{"0":1,"1":1,"2":1,"3":1,"4":1,"5":1,"6":1,"7":1,"8":0,"9":0,"10":1},"f":{"0":1},"b":{"0":[1,0]},"_coverageSchema":"1a1c01bbd47fc00a2c39e90264f33305004495a9","hash":"d0f470b8a6b264a3d4da205ff51ae440c1f9a98d"}
,"D:\\xampp\\htdocs\\peludets\\tests\\Jest\\metodos\\profesionalesUsuariosFiltrados.js": {"path":"D:\\xampp\\htdocs\\peludets\\tests\\Jest\\metodos\\profesionalesUsuariosFiltrados.js","statementMap":{"0":{"start":{"line":1,"column":0},"end":{"line":1,"column":15}},"1":{"start":{"line":2,"column":0},"end":{"line":2,"column":17}},"2":{"start":{"line":3,"column":0},"end":{"line":3,"column":20}},"3":{"start":{"line":4,"column":0},"end":{"line":4,"column":16}},"4":{"start":{"line":5,"column":0},"end":{"line":5,"column":14}},"5":{"start":{"line":8,"column":28},"end":{"line":12,"column":5}},"6":{"start":{"line":15,"column":17},"end":{"line":19,"column":5}},"7":{"start":{"line":20,"column":4},"end":{"line":24,"column":5}},"8":{"start":{"line":21,"column":8},"end":{"line":21,"column":29}},"9":{"start":{"line":22,"column":8},"end":{"line":22,"column":27}},"10":{"start":{"line":27,"column":0},"end":{"line":27,"column":35}}},"fnMap":{"0":{"name":"usuariosFiltrados","decl":{"start":{"line":7,"column":9},"end":{"line":7,"column":26}},"loc":{"start":{"line":7,"column":29},"end":{"line":25,"column":1}},"line":7}},"branchMap":{"0":{"loc":{"start":{"line":20,"column":4},"end":{"line":24,"column":5}},"type":"if","locations":[{"start":{"line":20,"column":4},"end":{"line":24,"column":5}},{"start":{"line":20,"column":4},"end":{"line":24,"column":5}}],"line":20}},"s":{"0":1,"1":1,"2":1,"3":1,"4":1,"5":1,"6":1,"7":1,"8":1,"9":1,"10":1},"f":{"0":1},"b":{"0":[1,0]},"_coverageSchema":"1a1c01bbd47fc00a2c39e90264f33305004495a9","hash":"7d9689f6b6c4d9d14d6dbcc3519cede8ad11cc6a"}
,"D:\\xampp\\htdocs\\peludets\\tests\\Jest\\metodos\\rellenarHoras.js": {"path":"D:\\xampp\\htdocs\\peludets\\tests\\Jest\\metodos\\rellenarHoras.js","statementMap":{"0":{"start":{"line":1,"column":0},"end":{"line":1,"column":9}},"1":{"start":{"line":2,"column":0},"end":{"line":2,"column":10}},"2":{"start":{"line":3,"column":0},"end":{"line":3,"column":11}},"3":{"start":{"line":6,"column":4},"end":{"line":13,"column":5}},"4":{"start":{"line":6,"column":17},"end":{"line":6,"column":21}},"5":{"start":{"line":7,"column":8},"end":{"line":12,"column":9}},"6":{"start":{"line":8,"column":12},"end":{"line":8,"column":39}},"7":{"start":{"line":10,"column":12},"end":{"line":10,"column":39}},"8":{"start":{"line":11,"column":12},"end":{"line":11,"column":39}},"9":{"start":{"line":16,"column":0},"end":{"line":16,"column":31}}},"fnMap":{"0":{"name":"rellenarHoras","decl":{"start":{"line":5,"column":9},"end":{"line":5,"column":22}},"loc":{"start":{"line":5,"column":35},"end":{"line":14,"column":1}},"line":5}},"branchMap":{"0":{"loc":{"start":{"line":7,"column":8},"end":{"line":12,"column":9}},"type":"if","locations":[{"start":{"line":7,"column":8},"end":{"line":12,"column":9}},{"start":{"line":7,"column":8},"end":{"line":12,"column":9}}],"line":7}},"s":{"0":1,"1":1,"2":1,"3":1,"4":1,"5":19,"6":0,"7":19,"8":19,"9":1},"f":{"0":1},"b":{"0":[0,19]},"_coverageSchema":"1a1c01bbd47fc00a2c39e90264f33305004495a9","hash":"be8546fef869531bcc0b1269f45e3cca1b2597c4"}
}
