TN:
SF:tests\Jest\metodos\formulaSitiosInteres.js
FN:1,calcDistancia
FNF:1
FNH:1
FNDA:1,calcDistancia
DA:3,1
DA:4,1
DA:5,1
DA:6,1
DA:7,1
DA:9,1
DA:10,1
DA:11,1
DA:12,1
DA:14,1
DA:19,1
DA:20,1
DA:21,1
DA:24,1
LF:14
LH:14
BRF:0
BRH:0
end_of_record
TN:
SF:tests\Jest\metodos\homeBuscarTrabajos.js
FN:5,buscarTrabajos
FNF:1
FNH:1
FNDA:1,buscarTrabajos
DA:1,1
DA:2,1
DA:3,1
DA:6,1
DA:7,1
DA:9,1
LF:6
LH:6
BRF:0
BRH:0
end_of_record
TN:
SF:tests\Jest\metodos\profesionalesGeoFindMe.js
FN:1,geoFindMe
FNF:1
FNH:1
FNDA:1,geoFindMe
DA:2,1
DA:4,1
DA:5,1
DA:7,1
DA:12,1
LF:5
LH:5
BRDA:4,0,0,1
BRDA:4,0,1,0
BRF:2
BRH:1
end_of_record
TN:
SF:tests\Jest\metodos\profesionalesSuccess.js
FN:3,success
FNF:1
FNH:1
FNDA:1,success
DA:4,1
DA:5,1
DA:8,1
DA:14,1
DA:16,1
DA:23,1
LF:6
LH:6
BRF:0
BRH:0
end_of_record
TN:
SF:tests\Jest\metodos\rellenarHoras.js
FN:5,rellenarHoras
FNF:1
FNH:1
FNDA:1,rellenarHoras
DA:1,1
DA:2,1
DA:3,1
DA:6,1
DA:7,19
DA:8,0
DA:10,19
DA:11,19
DA:16,1
LF:9
LH:8
BRDA:7,0,0,0
BRDA:7,0,1,19
BRF:2
BRH:1
end_of_record
